<?xml version="1.0" encoding="UTF-8"?>
<!-- Generated by org.testng.reporters.JUnitXMLReporter -->
<testsuite ignored="0" hostname="Nandhu" failures="1" tests="3" name="Test" time="20.415" errors="0" timestamp="2024-06-12T18:57:31 IST">
  <testcase classname="irctcWebpages.DataProviderDemo" name="login" time="0.009">
    <failure type="java.lang.NullPointerException" message="Cannot invoke &amp;quot;String.equalsIgnoreCase(String)&amp;quot; because &amp;quot;data[0]&amp;quot; is null">
      <![CDATA[java.lang.NullPointerException: Cannot invoke "String.equalsIgnoreCase(String)" because "data[0]" is null
at irctcWebpages.DataProviderDemo.login(DataProviderDemo.java:34)
at java.base/java.util.concurrent.ThreadPoolExecutor.runWorker(ThreadPoolExecutor.java:1136)
at java.base/java.util.concurrent.ThreadPoolExecutor$Worker.run(ThreadPoolExecutor.java:635)
at java.base/java.lang.Thread.run(Thread.java:840)
... Removed 9 stack frames]]>
    </failure>
  </testcase> <!-- login -->
  <testcase classname="irctcWebpages.DataProviderDemo" name="login" time="14.848"/>
  <testcase classname="irctcWebpages.DataProviderDemo" name="login" time="19.606"/>
</testsuite> <!-- Test -->
