<?xml version="1.0" encoding="UTF-8"?>
<testng-results ignored="0" total="1" passed="1" failed="0" skipped="0">
  <reporter-output>
  </reporter-output>
  <suite started-at="2024-07-24T14:15:11 IST" name="Default suite" finished-at="2024-07-24T14:15:15 IST" duration-ms="4024">
    <groups>
      <group name="cucumber">
        <method signature="AbstractTestNGCucumberTests.runScenario(io.cucumber.testng.PickleWrapper,io.cucumber.testng.FeatureWrapper)[pri:0, instance:cucumberOptions.TestNGRunner@5c80cf32]" name="runScenario" class="io.cucumber.testng.AbstractTestNGCucumberTests"/>
      </group> <!-- cucumber -->
    </groups>
    <test started-at="2024-07-24T14:15:11 IST" name="Default test" finished-at="2024-07-24T14:15:15 IST" duration-ms="4024">
      <class name="cucumberOptions.TestNGRunner">
        <test-method is-config="true" signature="setUpClass(org.testng.ITestContext)[pri:0, instance:cucumberOptions.TestNGRunner@5c80cf32]" started-at="2024-07-24T14:15:11 IST" name="setUpClass" finished-at="2024-07-24T14:15:11 IST" duration-ms="218" status="PASS">
          <params>
            <param index="0">
              <value>
                <![CDATA[org.testng.TestRunner@75d4a80f]]>
              </value>
            </param>
          </params>
          <reporter-output>
          </reporter-output>
        </test-method> <!-- setUpClass -->
        <test-method signature="runScenario(io.cucumber.testng.PickleWrapper,io.cucumber.testng.FeatureWrapper)[pri:0, instance:cucumberOptions.TestNGRunner@5c80cf32]" started-at="2024-07-24T14:15:11 IST" name="runScenario" description="Runs Cucumber Scenarios" data-provider="scenarios" finished-at="2024-07-24T14:15:15 IST" duration-ms="3763" status="PASS">
          <params>
            <param index="0">
              <value>
                <![CDATA["To verify that Sign up page should open"]]>
              </value>
            </param>
            <param index="1">
              <value>
                <![CDATA["GoogleSearch"]]>
              </value>
            </param>
          </params>
          <reporter-output>
          </reporter-output>
        </test-method> <!-- runScenario -->
        <test-method is-config="true" signature="tearDownClass()[pri:0, instance:cucumberOptions.TestNGRunner@5c80cf32]" started-at="2024-07-24T14:15:15 IST" name="tearDownClass" finished-at="2024-07-24T14:15:15 IST" duration-ms="2" status="PASS">
          <reporter-output>
          </reporter-output>
        </test-method> <!-- tearDownClass -->
      </class> <!-- cucumberOptions.TestNGRunner -->
    </test> <!-- Default test -->
  </suite> <!-- Default suite -->
</testng-results>
